nohup: ignoring input
Forwarding from 127.0.0.1:9000 -> 8080
Forwarding from [::1]:9000 -> 8080
Handling connection for 9000
Handling connection for 9000
Handling connection for 9000
Handling connection for 9000
Handling connection for 9000
Handling connection for 9000
Handling connection for 9000
Handling connection for 9000
Handling connection for 9000
Handling connection for 9000
Handling connection for 9000
Handling connection for 9000
Handling connection for 9000
Handling connection for 9000
Handling connection for 9000
Handling connection for 9000
Handling connection for 9000
Handling connection for 9000
Handling connection for 9000
Handling connection for 9000
Handling connection for 9000
Handling connection for 9000
Handling connection for 9000
Handling connection for 9000
Handling connection for 9000
Handling connection for 9000
Handling connection for 9000
Handling connection for 9000
Handling connection for 9000
Handling connection for 9000
Handling connection for 9000
Handling connection for 9000
Handling connection for 9000
Handling connection for 9000
Handling connection for 9000
Handling connection for 9000
Handling connection for 9000
Handling connection for 9000
Handling connection for 9000
Handling connection for 9000
Handling connection for 9000
Handling connection for 9000
Handling connection for 9000
Handling connection for 9000
Handling connection for 9000
Handling connection for 9000
Handling connection for 9000
Handling connection for 9000
Handling connection for 9000
Handling connection for 9000
Handling connection for 9000
Handling connection for 9000
Handling connection for 9000
Handling connection for 9000
Handling connection for 9000
Handling connection for 9000
Handling connection for 9000
Handling connection for 9000
Handling connection for 9000
Handling connection for 9000
Handling connection for 9000
Handling connection for 9000
Handling connection for 9000
Handling connection for 9000
Handling connection for 9000
Handling connection for 9000
Handling connection for 9000
Handling connection for 9000
Handling connection for 9000
Handling connection for 9000
Handling connection for 9000
Handling connection for 9000
Handling connection for 9000
Handling connection for 9000
Handling connection for 9000
Handling connection for 9000
Handling connection for 9000
Handling connection for 9000
Handling connection for 9000
Handling connection for 9000
Handling connection for 9000
Handling connection for 9000
Handling connection for 9000
Handling connection for 9000
Handling connection for 9000
Handling connection for 9000
Handling connection for 9000
Handling connection for 9000
Handling connection for 9000
Handling connection for 9000
Handling connection for 9000
Handling connection for 9000
Handling connection for 9000
Handling connection for 9000
Handling connection for 9000
Handling connection for 9000
Handling connection for 9000
Handling connection for 9000
Handling connection for 9000
Handling connection for 9000
Handling connection for 9000
Handling connection for 9000
Handling connection for 9000
Handling connection for 9000
Handling connection for 9000
Handling connection for 9000
Handling connection for 9000
Handling connection for 9000
Handling connection for 9000
Handling connection for 9000
Handling connection for 9000
Handling connection for 9000
Handling connection for 9000
Handling connection for 9000
Handling connection for 9000
Handling connection for 9000
Handling connection for 9000
Handling connection for 9000
Handling connection for 9000
Handling connection for 9000
Handling connection for 9000
Handling connection for 9000
Handling connection for 9000
Handling connection for 9000
Handling connection for 9000
Handling connection for 9000
Handling connection for 9000
Handling connection for 9000
Handling connection for 9000
Handling connection for 9000
Handling connection for 9000
Handling connection for 9000
Handling connection for 9000
Handling connection for 9000
Handling connection for 9000
Handling connection for 9000
Handling connection for 9000
Handling connection for 9000
Handling connection for 9000
Handling connection for 9000
Handling connection for 9000
Handling connection for 9000
Handling connection for 9000
Handling connection for 9000
Handling connection for 9000
Handling connection for 9000
Handling connection for 9000
Handling connection for 9000
Handling connection for 9000
Handling connection for 9000
Handling connection for 9000
Handling connection for 9000
Handling connection for 9000
Handling connection for 9000
Handling connection for 9000
Handling connection for 9000
Handling connection for 9000
Handling connection for 9000
Handling connection for 9000
Handling connection for 9000
Handling connection for 9000
Handling connection for 9000
Handling connection for 9000
E0326 12:44:43.867767 2735081 portforward.go:398] "Unhandled Error" err="error copying from local connection to remote stream: writeto tcp6 [::1]:9000->[::1]:38044: read tcp6 [::1]:9000->[::1]:38044: read: connection reset by peer"
E0326 12:44:43.867868 2735081 portforward.go:398] "Unhandled Error" err="error copying from local connection to remote stream: writeto tcp6 [::1]:9000->[::1]:38046: read tcp6 [::1]:9000->[::1]:38046: read: connection reset by peer"
